<?xml version="1.0" encoding="utf-8"?><testsuites name="pytest tests"><testsuite name="pytest" errors="0" failures="1" skipped="0" tests="12" time="6.573" timestamp="2026-07-04T14:00:29.930035+00:00" hostname="agent-env-8fa19896-9154-403f-9405-02f54cb43ae5"><testcase classname="backend.tests.test_tess_backend.TestHealth" name="test_health_ok" time="0.208" /><testcase classname="backend.tests.test_tess_backend.TestDetectSubject" name="test_detect_chemistry" time="0.053" /><testcase classname="backend.tests.test_tess_backend.TestDetectSubject" name="test_detect_physics" time="0.044" /><testcase classname="backend.tests.test_tess_backend.TestDetectSubject" name="test_detect_maths_ex" time="0.041" /><testcase classname="backend.tests.test_tess_backend.TestDetectSubject" name="test_detect_history" time="0.040" /><testcase classname="backend.tests.test_tess_backend.TestDetectSubject" name="test_detect_none" time="0.045" /><testcase classname="backend.tests.test_tess_backend.TestChat" name="test_chat_text_only" time="0.526"><failure message="AssertionError: {&quot;detail&quot;:&quot;Server is currently busy. Please wait a moment and try again!&quot;}&#10;assert 503 == 200&#10; +  where 503 = &lt;Response [503]&gt;.status_code">backend/tests/test_tess_backend.py:72: in test_chat_text_only
    assert r.status_code == 200, r.text
E   AssertionError: {"detail":"Server is currently busy. Please wait a moment and try again!"}
E   assert 503 == 200
E    +  where 503 = &lt;Response [503]&gt;.status_code</failure></testcase><testcase classname="backend.tests.test_tess_backend.TestChat" name="test_chat_memory_with_history" time="1.215" /><testcase classname="backend.tests.test_tess_backend.TestChat" name="test_chat_with_pdf" time="1.906" /><testcase classname="backend.tests.test_tess_backend.TestChat" name="test_chat_with_bad_pdf" time="0.901" /><testcase classname="backend.tests.test_tess_backend.TestChat" name="test_chat_with_image" time="1.398" /><testcase classname="backend.tests.test_tess_backend.TestSilentErrorContract" name="test_exception_handler_contract_in_source" time="0.000" /></testsuite></testsuites>