<?xml version="1.0" encoding="utf-8"?><testsuites name="pytest tests"><testsuite name="pytest" errors="0" failures="0" skipped="0" tests="5" time="1.068" timestamp="2026-07-05T06:10:59.265573+00:00" hostname="agent-env-8fa19896-9154-403f-9405-02f54cb43ae5"><testcase classname="backend.tests.test_render_backend.TestHealth" name="test_health_ok" time="0.216" /><testcase classname="backend.tests.test_render_backend.TestTessChat" name="test_casual_chat_connectivity" time="0.154" /><testcase classname="backend.tests.test_render_backend.TestExtractMetadata" name="test_class6_maths_q1" time="0.250" /><testcase classname="backend.tests.test_render_backend.TestCORS" name="test_preflight_tess_chat" time="0.141" /><testcase classname="backend.tests.test_render_backend.TestCORS" name="test_actual_request_has_cors_header" time="0.135" /></testsuite></testsuites>